22:19:52 **** Build of configuration Debug for project dustsensor-bcu1 ****
make -r all 
Building file: ../src/app_main.cpp
Invoking: MCU C++ Compiler
arm-none-eabi-c++ -D__NEWLIB__ -DBCU_TYPE=10 -DDEBUG -D__CODE_RED -DCORE_M0 -D__USE_CMSIS=CMSIS_CORE_LPC11xx -DCPP_USE_HEAP -D__LPC11XX__ -I"C:\Users\Olli\CloudStation\uC_Stuff\LPC_workspaces\software-arm-olli\CMSIS_CORE_LPC11xx\inc" -I"C:\Users\Olli\CloudStation\uC_Stuff\Selfbus\software-arm-lib\sblib\inc" -O0 -g3 -Wall -c -fmessage-length=0 -fno-builtin -ffunction-sections -fdata-sections -fno-rtti -fno-exceptions -mcpu=cortex-m0 -mthumb -D__NEWLIB__ -MMD -MP -MF"src/app_main.d" -MT"src/app_main.o" -MT"src/app_main.d" -o "src/app_main.o" "../src/app_main.cpp"
../src/app_main.cpp: In function 'void loop()':
../src/app_main.cpp:195:32: warning: unused variable 'off' [-Wunused-variable]
     volatile unsigned int on=1,off=0;
                                ^
Finished building: ../src/app_main.cpp
 
Building file: ../src/cr_cpp_config.cpp
Invoking: MCU C++ Compiler
arm-none-eabi-c++ -D__NEWLIB__ -DBCU_TYPE=10 -DDEBUG -D__CODE_RED -DCORE_M0 -D__USE_CMSIS=CMSIS_CORE_LPC11xx -DCPP_USE_HEAP -D__LPC11XX__ -I"C:\Users\Olli\CloudStation\uC_Stuff\LPC_workspaces\software-arm-olli\CMSIS_CORE_LPC11xx\inc" -I"C:\Users\Olli\CloudStation\uC_Stuff\Selfbus\software-arm-lib\sblib\inc" -O0 -g3 -Wall -c -fmessage-length=0 -fno-builtin -ffunction-sections -fdata-sections -fno-rtti -fno-exceptions -mcpu=cortex-m0 -mthumb -D__NEWLIB__ -MMD -MP -MF"src/cr_cpp_config.d" -MT"src/cr_cpp_config.o" -MT"src/cr_cpp_config.d" -o "src/cr_cpp_config.o" "../src/cr_cpp_config.cpp"
Finished building: ../src/cr_cpp_config.cpp
 
Building file: ../src/cr_startup_lpc11xx.cpp
Invoking: MCU C++ Compiler
arm-none-eabi-c++ -D__NEWLIB__ -DBCU_TYPE=10 -DDEBUG -D__CODE_RED -DCORE_M0 -D__USE_CMSIS=CMSIS_CORE_LPC11xx -DCPP_USE_HEAP -D__LPC11XX__ -I"C:\Users\Olli\CloudStation\uC_Stuff\LPC_workspaces\software-arm-olli\CMSIS_CORE_LPC11xx\inc" -I"C:\Users\Olli\CloudStation\uC_Stuff\Selfbus\software-arm-lib\sblib\inc" -Os -g3 -Wall -c -fmessage-length=0 -fno-builtin -ffunction-sections -fdata-sections -fno-rtti -fno-exceptions -mcpu=cortex-m0 -mthumb -D__NEWLIB__ -MMD -MP -MF"src/cr_startup_lpc11xx.d" -MT"src/cr_startup_lpc11xx.d" -o "src/cr_startup_lpc11xx.o" "../src/cr_startup_lpc11xx.cpp"
Finished building: ../src/cr_startup_lpc11xx.cpp
 
Building file: ../src/crp.c
Invoking: MCU C Compiler
arm-none-eabi-gcc -D__NEWLIB__ -DDEBUG -D__CODE_RED -DCORE_M0 -D__USE_CMSIS=CMSIS_CORE_LPC11xx -DCPP_USE_HEAP -D__LPC11XX__ -I"C:\Users\Olli\CloudStation\uC_Stuff\LPC_workspaces\software-arm-olli\CMSIS_CORE_LPC11xx\inc" -O0 -g3 -Wall -c -fmessage-length=0 -fno-builtin -ffunction-sections -fdata-sections -mcpu=cortex-m0 -mthumb -D__NEWLIB__ -MMD -MP -MF"src/crp.d" -MT"src/crp.o" -MT"src/crp.d" -o "src/crp.o" "../src/crp.c"
Finished building: ../src/crp.c
 
Building target: dustsensor-bcu1.axf
Invoking: MCU C++ Linker
arm-none-eabi-c++ -nostdlib -L"C:\Users\Olli\CloudStation\uC_Stuff\LPC_workspaces\software-arm-olli\CMSIS_CORE_LPC11xx\Debug" -L"C:\Users\Olli\CloudStation\uC_Stuff\Selfbus\software-arm-lib\sblib\Debug_BCU1" -Xlinker -Map="dustsensor-bcu1.map" -Xlinker --gc-sections -mcpu=cortex-m0 -mthumb -T "example-spi-out_Debug.ld" -o "dustsensor-bcu1.axf"  ./src/app_main.o ./src/cr_cpp_config.o ./src/cr_startup_lpc11xx.o ./src/crp.o   -lCMSIS_CORE_LPC11xx -lsblib
./src/app_main.o: In function `setup()':
C:\Users\Olli\CloudStation\uC_Stuff\Selfbus\software-arm-incubation\sensors\misc\dustsensor-bcu1\Debug/../src/app_main.cpp:185: undefined reference to `bcu'
./src/app_main.o: In function `loop()':
C:\Users\Olli\CloudStation\uC_Stuff\Selfbus\software-arm-incubation\sensors\misc\dustsensor-bcu1\Debug/../src/app_main.cpp:267: undefined reference to `bus'
C:\Users\Olli\CloudStation\uC_Stuff\Selfbus\software-arm-lib\sblib\Debug_BCU1\libsblib.a(bcu_base.o): In function `TIMER16_1_IRQHandler':
C:\Users\Olli\CloudStation\uC_Stuff\Selfbus\software-arm-lib\sblib\Debug_BCU1/../src/eib/bcu_base.cpp:26: undefined reference to `bus'
C:\Users\Olli\CloudStation\uC_Stuff\Selfbus\software-arm-lib\sblib\Debug_BCU1\libsblib.a(bcu_base.o): In function `BcuBase::begin_BCU1(int, int, int)':
C:\Users\Olli\CloudStation\uC_Stuff\Selfbus\software-arm-lib\sblib\Debug_BCU1/../src/eib/bcu_base.cpp:88: undefined reference to `bus'
C:\Users\Olli\CloudStation\uC_Stuff\Selfbus\software-arm-lib\sblib\Debug_BCU1\libsblib.a(main.o): In function `main':
C:\Users\Olli\CloudStation\uC_Stuff\Selfbus\software-arm-lib\sblib\Debug_BCU1/../src/main.cpp:47: undefined reference to `bcu'
collect2.exe: error: ld returned 1 exit status
make: *** [dustsensor-bcu1.axf] Error 1

22:19:55 Build Finished (took 2s.633ms)

